TN:
SF:src/module-0.js
FN:1,handler0
FNDA:0,handler0
FNF:1
FNH:0
DA:1,1
DA:2,0
LF:2
LH:1
end_of_record
TN:
SF:src/module-1.js
FN:1,handler1
FNDA:1,handler1
FNF:1
FNH:1
DA:1,1
DA:2,1
LF:2
LH:2
end_of_record
TN:
SF:src/module-2.js
FN:1,handler2
FNDA:2,handler2
FNF:1
FNH:0
DA:1,1
DA:2,2
LF:2
LH:1
end_of_record
TN:
SF:src/module-3.js
FN:1,handler3
FNDA:3,handler3
FNF:1
FNH:1
DA:1,1
DA:2,0
LF:2
LH:2
end_of_record
TN:
SF:src/module-4.js
FN:1,handler4
FNDA:4,handler4
FNF:1
FNH:0
DA:1,1
DA:2,1
LF:2
LH:1
end_of_record
TN:
SF:src/module-5.js
FN:1,handler5
FNDA:0,handler5
FNF:1
FNH:1
DA:1,1
DA:2,2
LF:2
LH:2
end_of_record
TN:
SF:src/module-6.js
FN:1,handler6
FNDA:1,handler6
FNF:1
FNH:0
DA:1,1
DA:2,0
LF:2
LH:1
end_of_record
TN:
SF:src/module-7.js
FN:1,handler7
FNDA:2,handler7
FNF:1
FNH:1
DA:1,1
DA:2,1
LF:2
LH:2
end_of_record
TN:
SF:src/module-8.js
FN:1,handler8
FNDA:3,handler8
FNF:1
FNH:0
DA:1,1
DA:2,2
LF:2
LH:1
end_of_record
TN:
SF:src/module-9.js
FN:1,handler9
FNDA:4,handler9
FNF:1
FNH:1
DA:1,1
DA:2,0
LF:2
LH:2
end_of_record
TN:
SF:src/module-10.js
FN:1,handler10
FNDA:0,handler10
FNF:1
FNH:0
DA:1,1
DA:2,1
LF:2
LH:1
end_of_record
TN:
SF:src/module-11.js
FN:1,handler11
FNDA:1,handler11
FNF:1
FNH:1
DA:1,1
DA:2,2
LF:2
LH:2
end_of_record
TN:
SF:src/module-12.js
FN:1,handler12
FNDA:2,handler12
FNF:1
FNH:0
DA:1,1
DA:2,0
LF:2
LH:1
end_of_record
TN:
SF:src/module-13.js
FN:1,handler13
FNDA:3,handler13
FNF:1
FNH:1
DA:1,1
DA:2,1
LF:2
LH:2
end_of_record
TN:
SF:src/module-14.js
FN:1,handler14
FNDA:4,handler14
FNF:1
FNH:0
DA:1,1
DA:2,2
LF:2
LH:1
end_of_record
TN:
SF:src/module-15.js
FN:1,handler15
FNDA:0,handler15
FNF:1
FNH:1
DA:1,1
DA:2,0
LF:2
LH:2
end_of_record
TN:
SF:src/module-16.js
FN:1,handler16
FNDA:1,handler16
FNF:1
FNH:0
DA:1,1
DA:2,1
LF:2
LH:1
end_of_record
TN:
SF:src/module-17.js
FN:1,handler17
FNDA:2,handler17
FNF:1
FNH:1
DA:1,1
DA:2,2
LF:2
LH:2
end_of_record
TN:
SF:src/module-18.js
FN:1,handler18
FNDA:3,handler18
FNF:1
FNH:0
DA:1,1
DA:2,0
LF:2
LH:1
end_of_record
TN:
SF:src/module-19.js
FN:1,handler19
FNDA:4,handler19
FNF:1
FNH:1
DA:1,1
DA:2,1
LF:2
LH:2
end_of_record
TN:
SF:src/module-20.js
FN:1,handler20
FNDA:0,handler20
FNF:1
FNH:0
DA:1,1
DA:2,2
LF:2
LH:1
end_of_record
TN:
SF:src/module-21.js
FN:1,handler21
FNDA:1,handler21
FNF:1
FNH:1
DA:1,1
DA:2,0
LF:2
LH:2
end_of_record
TN:
SF:src/module-22.js
FN:1,handler22
FNDA:2,handler22
FNF:1
FNH:0
DA:1,1
DA:2,1
LF:2
LH:1
end_of_record
TN:
SF:src/module-23.js
FN:1,handler23
FNDA:3,handler23
FNF:1
FNH:1
DA:1,1
DA:2,2
LF:2
LH:2
end_of_record
TN:
SF:src/module-24.js
FN:1,handler24
FNDA:4,handler24
FNF:1
FNH:0
DA:1,1
DA:2,0
LF:2
LH:1
end_of_record
TN:
SF:src/module-25.js
FN:1,handler25
FNDA:0,handler25
FNF:1
FNH:1
DA:1,1
DA:2,1
LF:2
LH:2
end_of_record
TN:
SF:src/module-26.js
FN:1,handler26
FNDA:1,handler26
FNF:1
FNH:0
DA:1,1
DA:2,2
LF:2
LH:1
end_of_record
TN:
SF:src/module-27.js
FN:1,handler27
FNDA:2,handler27
FNF:1
FNH:1
DA:1,1
DA:2,0
LF:2
LH:2
end_of_record
TN:
SF:src/module-28.js
FN:1,handler28
FNDA:3,handler28
FNF:1
FNH:0
DA:1,1
DA:2,1
LF:2
LH:1
end_of_record
TN:
SF:src/module-29.js
FN:1,handler29
FNDA:4,handler29
FNF:1
FNH:1
DA:1,1
DA:2,2
LF:2
LH:2
end_of_record
TN:
SF:src/module-30.js
FN:1,handler30
FNDA:0,handler30
FNF:1
FNH:0
DA:1,1
DA:2,0
LF:2
LH:1
end_of_record
TN:
SF:src/module-31.js
FN:1,handler31
FNDA:1,handler31
FNF:1
FNH:1
DA:1,1
DA:2,1
LF:2
LH:2
end_of_record
TN:
SF:src/module-32.js
FN:1,handler32
FNDA:2,handler32
FNF:1
FNH:0
DA:1,1
DA:2,2
LF:2
LH:1
end_of_record
TN:
SF:src/module-33.js
FN:1,handler33
FNDA:3,handler33
FNF:1
FNH:1
DA:1,1
DA:2,0
LF:2
LH:2
end_of_record
TN:
SF:src/module-34.js
FN:1,handler34
FNDA:4,handler34
FNF:1
FNH:0
DA:1,1
DA:2,1
LF:2
LH:1
end_of_record
TN:
SF:src/module-35.js
FN:1,handler35
FNDA:0,handler35
FNF:1
FNH:1
DA:1,1
DA:2,2
LF:2
LH:2
end_of_record
TN:
SF:src/module-36.js
FN:1,handler36
FNDA:1,handler36
FNF:1
FNH:0
DA:1,1
DA:2,0
LF:2
LH:1
end_of_record
TN:
SF:src/module-37.js
FN:1,handler37
FNDA:2,handler37
FNF:1
FNH:1
DA:1,1
DA:2,1
LF:2
LH:2
end_of_record
TN:
SF:src/module-38.js
FN:1,handler38
FNDA:3,handler38
FNF:1
FNH:0
DA:1,1
DA:2,2
LF:2
LH:1
end_of_record
TN:
SF:src/module-39.js
FN:1,handler39
FNDA:4,handler39
FNF:1
FNH:1
DA:1,1
DA:2,0
LF:2
LH:2
end_of_record
TN:
SF:src/module-40.js
FN:1,handler40
FNDA:0,handler40
FNF:1
FNH:0
DA:1,1
DA:2,1
LF:2
LH:1
end_of_record
TN:
SF:src/module-41.js
FN:1,handler41
FNDA:1,handler41
FNF:1
FNH:1
DA:1,1
DA:2,2
LF:2
LH:2
end_of_record
TN:
SF:src/module-42.js
FN:1,handler42
FNDA:2,handler42
FNF:1
FNH:0
DA:1,1
DA:2,0
LF:2
LH:1
end_of_record
TN:
SF:src/module-43.js
FN:1,handler43
FNDA:3,handler43
FNF:1
FNH:1
DA:1,1
DA:2,1
LF:2
LH:2
end_of_record
TN:
SF:src/module-44.js
FN:1,handler44
FNDA:4,handler44
FNF:1
FNH:0
DA:1,1
DA:2,2
LF:2
LH:1
end_of_record
TN:
SF:src/module-45.js
FN:1,handler45
FNDA:0,handler45
FNF:1
FNH:1
DA:1,1
DA:2,0
LF:2
LH:2
end_of_record
TN:
SF:src/module-46.js
FN:1,handler46
FNDA:1,handler46
FNF:1
FNH:0
DA:1,1
DA:2,1
LF:2
LH:1
end_of_record
TN:
SF:src/module-47.js
FN:1,handler47
FNDA:2,handler47
FNF:1
FNH:1
DA:1,1
DA:2,2
LF:2
LH:2
end_of_record
TN:
SF:src/module-48.js
FN:1,handler48
FNDA:3,handler48
FNF:1
FNH:0
DA:1,1
DA:2,0
LF:2
LH:1
end_of_record
TN:
SF:src/module-49.js
FN:1,handler49
FNDA:4,handler49
FNF:1
FNH:1
DA:1,1
DA:2,1
LF:2
LH:2
end_of_record
TN:
SF:src/module-50.js
FN:1,handler50
FNDA:0,handler50
FNF:1
FNH:0
DA:1,1
DA:2,2
LF:2
LH:1
end_of_record
TN:
SF:src/module-51.js
FN:1,handler51
FNDA:1,handler51
FNF:1
FNH:1
DA:1,1
DA:2,0
LF:2
LH:2
end_of_record
TN:
SF:src/module-52.js
FN:1,handler52
FNDA:2,handler52
FNF:1
FNH:0
DA:1,1
DA:2,1
LF:2
LH:1
end_of_record
TN:
SF:src/module-53.js
FN:1,handler53
FNDA:3,handler53
FNF:1
FNH:1
DA:1,1
DA:2,2
LF:2
LH:2
end_of_record
TN:
SF:src/module-54.js
FN:1,handler54
FNDA:4,handler54
FNF:1
FNH:0
DA:1,1
DA:2,0
LF:2
LH:1
end_of_record
TN:
SF:src/module-55.js
FN:1,handler55
FNDA:0,handler55
FNF:1
FNH:1
DA:1,1
DA:2,1
LF:2
LH:2
end_of_record
TN:
SF:src/module-56.js
FN:1,handler56
FNDA:1,handler56
FNF:1
FNH:0
DA:1,1
DA:2,2
LF:2
LH:1
end_of_record
TN:
SF:src/module-57.js
FN:1,handler57
FNDA:2,handler57
FNF:1
FNH:1
DA:1,1
DA:2,0
LF:2
LH:2
end_of_record
TN:
SF:src/module-58.js
FN:1,handler58
FNDA:3,handler58
FNF:1
FNH:0
DA:1,1
DA:2,1
LF:2
LH:1
end_of_record
TN:
SF:src/module-59.js
FN:1,handler59
FNDA:4,handler59
FNF:1
FNH:1
DA:1,1
DA:2,2
LF:2
LH:2
end_of_record
TN:
SF:src/module-60.js
FN:1,handler60
FNDA:0,handler60
FNF:1
FNH:0
DA:1,1
DA:2,0
LF:2
LH:1
end_of_record
TN:
SF:src/module-61.js
FN:1,handler61
FNDA:1,handler61
FNF:1
FNH:1
DA:1,1
DA:2,1
LF:2
LH:2
end_of_record
TN:
SF:src/module-62.js
FN:1,handler62
FNDA:2,handler62
FNF:1
FNH:0
DA:1,1
DA:2,2
LF:2
LH:1
end_of_record
TN:
SF:src/module-63.js
FN:1,handler63
FNDA:3,handler63
FNF:1
FNH:1
DA:1,1
DA:2,0
LF:2
LH:2
end_of_record
TN:
SF:src/module-64.js
FN:1,handler64
FNDA:4,handler64
FNF:1
FNH:0
DA:1,1
DA:2,1
LF:2
LH:1
end_of_record
TN:
SF:src/module-65.js
FN:1,handler65
FNDA:0,handler65
FNF:1
FNH:1
DA:1,1
DA:2,2
LF:2
LH:2
end_of_record
TN:
SF:src/module-66.js
FN:1,handler66
FNDA:1,handler66
FNF:1
FNH:0
DA:1,1
DA:2,0
LF:2
LH:1
end_of_record
TN:
SF:src/module-67.js
FN:1,handler67
FNDA:2,handler67
FNF:1
FNH:1
DA:1,1
DA:2,1
LF:2
LH:2
end_of_record
TN:
SF:src/module-68.js
FN:1,handler68
FNDA:3,handler68
FNF:1
FNH:0
DA:1,1
DA:2,2
LF:2
LH:1
end_of_record
TN:
SF:src/module-69.js
FN:1,handler69
FNDA:4,handler69
FNF:1
FNH:1
DA:1,1
DA:2,0
LF:2
LH:2
end_of_record
TN:
SF:src/module-70.js
FN:1,handler70
FNDA:0,handler70
FNF:1
FNH:0
DA:1,1
DA:2,1
LF:2
LH:1
end_of_record
TN:
SF:src/module-71.js
FN:1,handler71
FNDA:1,handler71
FNF:1
FNH:1
DA:1,1
DA:2,2
LF:2
LH:2
end_of_record
TN:
SF:src/module-72.js
FN:1,handler72
FNDA:2,handler72
FNF:1
FNH:0
DA:1,1
DA:2,0
LF:2
LH:1
end_of_record
TN:
SF:src/module-73.js
FN:1,handler73
FNDA:3,handler73
FNF:1
FNH:1
DA:1,1
DA:2,1
LF:2
LH:2
end_of_record
TN:
SF:src/module-74.js
FN:1,handler74
FNDA:4,handler74
FNF:1
FNH:0
DA:1,1
DA:2,2
LF:2
LH:1
end_of_record
TN:
SF:src/module-75.js
FN:1,handler75
FNDA:0,handler75
FNF:1
FNH:1
DA:1,1
DA:2,0
LF:2
LH:2
end_of_record
TN:
SF:src/module-76.js
FN:1,handler76
FNDA:1,handler76
FNF:1
FNH:0
DA:1,1
DA:2,1
LF:2
LH:1
end_of_record
TN:
SF:src/module-77.js
FN:1,handler77
FNDA:2,handler77
FNF:1
FNH:1
DA:1,1
DA:2,2
LF:2
LH:2
end_of_record
TN:
SF:src/module-78.js
FN:1,handler78
FNDA:3,handler78
FNF:1
FNH:0
DA:1,1
DA:2,0
LF:2
LH:1
end_of_record
TN:
SF:src/module-79.js
FN:1,handler79
FNDA:4,handler79
FNF:1
FNH:1
DA:1,1
DA:2,1
LF:2
LH:2
end_of_record
TN:
SF:src/module-80.js
FN:1,handler80
FNDA:0,handler80
FNF:1
FNH:0
DA:1,1
DA:2,2
LF:2
LH:1
end_of_record
TN:
SF:src/module-81.js
FN:1,handler81
FNDA:1,handler81
FNF:1
FNH:1
DA:1,1
DA:2,0
LF:2
LH:2
end_of_record
TN:
SF:src/module-82.js
FN:1,handler82
FNDA:2,handler82
FNF:1
FNH:0
DA:1,1
DA:2,1
LF:2
LH:1
end_of_record
TN:
SF:src/module-83.js
FN:1,handler83
FNDA:3,handler83
FNF:1
FNH:1
DA:1,1
DA:2,2
LF:2
LH:2
end_of_record
TN:
SF:src/module-84.js
FN:1,handler84
FNDA:4,handler84
FNF:1
FNH:0
DA:1,1
DA:2,0
LF:2
LH:1
end_of_record
TN:
SF:src/module-85.js
FN:1,handler85
FNDA:0,handler85
FNF:1
FNH:1
DA:1,1
DA:2,1
LF:2
LH:2
end_of_record
TN:
SF:src/module-86.js
FN:1,handler86
FNDA:1,handler86
FNF:1
FNH:0
DA:1,1
DA:2,2
LF:2
LH:1
end_of_record
TN:
SF:src/module-87.js
FN:1,handler87
FNDA:2,handler87
FNF:1
FNH:1
DA:1,1
DA:2,0
LF:2
LH:2
end_of_record
TN:
SF:src/module-88.js
FN:1,handler88
FNDA:3,handler88
FNF:1
FNH:0
DA:1,1
DA:2,1
LF:2
LH:1
end_of_record
TN:
SF:src/module-89.js
FN:1,handler89
FNDA:4,handler89
FNF:1
FNH:1
DA:1,1
DA:2,2
LF:2
LH:2
end_of_record
TN:
SF:src/module-90.js
FN:1,handler90
FNDA:0,handler90
FNF:1
FNH:0
DA:1,1
DA:2,0
LF:2
LH:1
end_of_record
TN:
SF:src/module-91.js
FN:1,handler91
FNDA:1,handler91
FNF:1
FNH:1
DA:1,1
DA:2,1
LF:2
LH:2
end_of_record
TN:
SF:src/module-92.js
FN:1,handler92
FNDA:2,handler92
FNF:1
FNH:0
DA:1,1
DA:2,2
LF:2
LH:1
end_of_record
TN:
SF:src/module-93.js
FN:1,handler93
FNDA:3,handler93
FNF:1
FNH:1
DA:1,1
DA:2,0
LF:2
LH:2
end_of_record
TN:
SF:src/module-94.js
FN:1,handler94
FNDA:4,handler94
FNF:1
FNH:0
DA:1,1
DA:2,1
LF:2
LH:1
end_of_record
TN:
SF:src/module-95.js
FN:1,handler95
FNDA:0,handler95
FNF:1
FNH:1
DA:1,1
DA:2,2
LF:2
LH:2
end_of_record
TN:
SF:src/module-96.js
FN:1,handler96
FNDA:1,handler96
FNF:1
FNH:0
DA:1,1
DA:2,0
LF:2
LH:1
end_of_record
TN:
SF:src/module-97.js
FN:1,handler97
FNDA:2,handler97
FNF:1
FNH:1
DA:1,1
DA:2,1
LF:2
LH:2
end_of_record
TN:
SF:src/module-98.js
FN:1,handler98
FNDA:3,handler98
FNF:1
FNH:0
DA:1,1
DA:2,2
LF:2
LH:1
end_of_record
TN:
SF:src/module-99.js
FN:1,handler99
FNDA:4,handler99
FNF:1
FNH:1
DA:1,1
DA:2,0
LF:2
LH:2
end_of_record
TN:
SF:src/module-100.js
FN:1,handler100
FNDA:0,handler100
FNF:1
FNH:0
DA:1,1
DA:2,1
LF:2
LH:1
end_of_record
TN:
SF:src/module-101.js
FN:1,handler101
FNDA:1,handler101
FNF:1
FNH:1
DA:1,1
DA:2,2
LF:2
LH:2
end_of_record
TN:
SF:src/module-102.js
FN:1,handler102
FNDA:2,handler102
FNF:1
FNH:0
DA:1,1
DA:2,0
LF:2
LH:1
end_of_record
TN:
SF:src/module-103.js
FN:1,handler103
FNDA:3,handler103
FNF:1
FNH:1
DA:1,1
DA:2,1
LF:2
LH:2
end_of_record
TN:
SF:src/module-104.js
FN:1,handler104
FNDA:4,handler104
FNF:1
FNH:0
DA:1,1
DA:2,2
LF:2
LH:1
end_of_record
TN:
SF:src/module-105.js
FN:1,handler105
FNDA:0,handler105
FNF:1
FNH:1
DA:1,1
DA:2,0
LF:2
LH:2
end_of_record
TN:
SF:src/module-106.js
FN:1,handler106
FNDA:1,handler106
FNF:1
FNH:0
DA:1,1
DA:2,1
LF:2
LH:1
end_of_record
TN:
SF:src/module-107.js
FN:1,handler107
FNDA:2,handler107
FNF:1
FNH:1
DA:1,1
DA:2,2
LF:2
LH:2
end_of_record
TN:
SF:src/module-108.js
FN:1,handler108
FNDA:3,handler108
FNF:1
FNH:0
DA:1,1
DA:2,0
LF:2
LH:1
end_of_record
TN:
SF:src/module-109.js
FN:1,handler109
FNDA:4,handler109
FNF:1
FNH:1
DA:1,1
DA:2,1
LF:2
LH:2
end_of_record
TN:
SF:src/module-110.js
FN:1,handler110
FNDA:0,handler110
FNF:1
FNH:0
DA:1,1
DA:2,2
LF:2
LH:1
end_of_record
TN:
SF:src/module-111.js
FN:1,handler111
FNDA:1,handler111
FNF:1
FNH:1
DA:1,1
DA:2,0
LF:2
LH:2
end_of_record
TN:
SF:src/module-112.js
FN:1,handler112
FNDA:2,handler112
FNF:1
FNH:0
DA:1,1
DA:2,1
LF:2
LH:1
end_of_record
TN:
SF:src/module-113.js
FN:1,handler113
FNDA:3,handler113
FNF:1
FNH:1
DA:1,1
DA:2,2
LF:2
LH:2
end_of_record
TN:
SF:src/module-114.js
FN:1,handler114
FNDA:4,handler114
FNF:1
FNH:0
DA:1,1
DA:2,0
LF:2
LH:1
end_of_record
TN:
SF:src/module-115.js
FN:1,handler115
FNDA:0,handler115
FNF:1
FNH:1
DA:1,1
DA:2,1
LF:2
LH:2
end_of_record
TN:
SF:src/module-116.js
FN:1,handler116
FNDA:1,handler116
FNF:1
FNH:0
DA:1,1
DA:2,2
LF:2
LH:1
end_of_record
TN:
SF:src/module-117.js
FN:1,handler117
FNDA:2,handler117
FNF:1
FNH:1
DA:1,1
DA:2,0
LF:2
LH:2
end_of_record
TN:
SF:src/module-118.js
FN:1,handler118
FNDA:3,handler118
FNF:1
FNH:0
DA:1,1
DA:2,1
LF:2
LH:1
end_of_record
TN:
SF:src/module-119.js
FN:1,handler119
FNDA:4,handler119
FNF:1
FNH:1
DA:1,1
DA:2,2
LF:2
LH:2
end_of_record
TN:
SF:src/module-120.js
FN:1,handler120
FNDA:0,handler120
FNF:1
FNH:0
DA:1,1
DA:2,0
LF:2
LH:1
end_of_record
TN:
SF:src/module-121.js
FN:1,handler121
FNDA:1,handler121
FNF:1
FNH:1
DA:1,1
DA:2,1
LF:2
LH:2
end_of_record
TN:
SF:src/module-122.js
FN:1,handler122
FNDA:2,handler122
FNF:1
FNH:0
DA:1,1
DA:2,2
LF:2
LH:1
end_of_record
TN:
SF:src/module-123.js
FN:1,handler123
FNDA:3,handler123
FNF:1
FNH:1
DA:1,1
DA:2,0
LF:2
LH:2
end_of_record
TN:
SF:src/module-124.js
FN:1,handler124
FNDA:4,handler124
FNF:1
FNH:0
DA:1,1
DA:2,1
LF:2
LH:1
end_of_record
TN:
SF:src/module-125.js
FN:1,handler125
FNDA:0,handler125
FNF:1
FNH:1
DA:1,1
DA:2,2
LF:2
LH:2
end_of_record
TN:
SF:src/module-126.js
FN:1,handler126
FNDA:1,handler126
FNF:1
FNH:0
DA:1,1
DA:2,0
LF:2
LH:1
end_of_record
TN:
SF:src/module-127.js
FN:1,handler127
FNDA:2,handler127
FNF:1
FNH:1
DA:1,1
DA:2,1
LF:2
LH:2
end_of_record
TN:
SF:src/module-128.js
FN:1,handler128
FNDA:3,handler128
FNF:1
FNH:0
DA:1,1
DA:2,2
LF:2
LH:1
end_of_record
TN:
SF:src/module-129.js
FN:1,handler129
FNDA:4,handler129
FNF:1
FNH:1
DA:1,1
DA:2,0
LF:2
LH:2
end_of_record
TN:
SF:src/module-130.js
FN:1,handler130
FNDA:0,handler130
FNF:1
FNH:0
DA:1,1
DA:2,1
LF:2
LH:1
end_of_record
TN:
SF:src/module-131.js
FN:1,handler131
FNDA:1,handler131
FNF:1
FNH:1
DA:1,1
DA:2,2
LF:2
LH:2
end_of_record
TN:
SF:src/module-132.js
FN:1,handler132
FNDA:2,handler132
FNF:1
FNH:0
DA:1,1
DA:2,0
LF:2
LH:1
end_of_record
TN:
SF:src/module-133.js
FN:1,handler133
FNDA:3,handler133
FNF:1
FNH:1
DA:1,1
DA:2,1
LF:2
LH:2
end_of_record
TN:
SF:src/module-134.js
FN:1,handler134
FNDA:4,handler134
FNF:1
FNH:0
DA:1,1
DA:2,2
LF:2
LH:1
end_of_record
TN:
SF:src/module-135.js
FN:1,handler135
FNDA:0,handler135
FNF:1
FNH:1
DA:1,1
DA:2,0
LF:2
LH:2
end_of_record
TN:
SF:src/module-136.js
FN:1,handler136
FNDA:1,handler136
FNF:1
FNH:0
DA:1,1
DA:2,1
LF:2
LH:1
end_of_record
TN:
SF:src/module-137.js
FN:1,handler137
FNDA:2,handler137
FNF:1
FNH:1
DA:1,1
DA:2,2
LF:2
LH:2
end_of_record
TN:
SF:src/module-138.js
FN:1,handler138
FNDA:3,handler138
FNF:1
FNH:0
DA:1,1
DA:2,0
LF:2
LH:1
end_of_record
TN:
SF:src/module-139.js
FN:1,handler139
FNDA:4,handler139
FNF:1
FNH:1
DA:1,1
DA:2,1
LF:2
LH:2
end_of_record
TN:
SF:src/module-140.js
FN:1,handler140
FNDA:0,handler140
FNF:1
FNH:0
DA:1,1
DA:2,2
LF:2
LH:1
end_of_record
TN:
SF:src/module-141.js
FN:1,handler141
FNDA:1,handler141
FNF:1
FNH:1
DA:1,1
DA:2,0
LF:2
LH:2
end_of_record
TN:
SF:src/module-142.js
FN:1,handler142
FNDA:2,handler142
FNF:1
FNH:0
DA:1,1
DA:2,1
LF:2
LH:1
end_of_record
TN:
SF:src/module-143.js
FN:1,handler143
FNDA:3,handler143
FNF:1
FNH:1
DA:1,1
DA:2,2
LF:2
LH:2
end_of_record
TN:
SF:src/module-144.js
FN:1,handler144
FNDA:4,handler144
FNF:1
FNH:0
DA:1,1
DA:2,0
LF:2
LH:1
end_of_record
TN:
SF:src/module-145.js
FN:1,handler145
FNDA:0,handler145
FNF:1
FNH:1
DA:1,1
DA:2,1
LF:2
LH:2
end_of_record
TN:
SF:src/module-146.js
FN:1,handler146
FNDA:1,handler146
FNF:1
FNH:0
DA:1,1
DA:2,2
LF:2
LH:1
end_of_record
TN:
SF:src/module-147.js
FN:1,handler147
FNDA:2,handler147
FNF:1
FNH:1
DA:1,1
DA:2,0
LF:2
LH:2
end_of_record
TN:
SF:src/module-148.js
FN:1,handler148
FNDA:3,handler148
FNF:1
FNH:0
DA:1,1
DA:2,1
LF:2
LH:1
end_of_record
TN:
SF:src/module-149.js
FN:1,handler149
FNDA:4,handler149
FNF:1
FNH:1
DA:1,1
DA:2,2
LF:2
LH:2
end_of_record
TN:
SF:src/module-150.js
FN:1,handler150
FNDA:0,handler150
FNF:1
FNH:0
DA:1,1
DA:2,0
LF:2
LH:1
end_of_record
TN:
SF:src/module-151.js
FN:1,handler151
FNDA:1,handler151
FNF:1
FNH:1
DA:1,1
DA:2,1
LF:2
LH:2
end_of_record
TN:
SF:src/module-152.js
FN:1,handler152
FNDA:2,handler152
FNF:1
FNH:0
DA:1,1
DA:2,2
LF:2
LH:1
end_of_record
TN:
SF:src/module-153.js
FN:1,handler153
FNDA:3,handler153
FNF:1
FNH:1
DA:1,1
DA:2,0
LF:2
LH:2
end_of_record
TN:
SF:src/module-154.js
FN:1,handler154
FNDA:4,handler154
FNF:1
FNH:0
DA:1,1
DA:2,1
LF:2
LH:1
end_of_record
TN:
SF:src/module-155.js
FN:1,handler155
FNDA:0,handler155
FNF:1
FNH:1
DA:1,1
DA:2,2
LF:2
LH:2
end_of_record
TN:
SF:src/module-156.js
FN:1,handler156
FNDA:1,handler156
FNF:1
FNH:0
DA:1,1
DA:2,0
LF:2
LH:1
end_of_record
TN:
SF:src/module-157.js
FN:1,handler157
FNDA:2,handler157
FNF:1
FNH:1
DA:1,1
DA:2,1
LF:2
LH:2
end_of_record
TN:
SF:src/module-158.js
FN:1,handler158
FNDA:3,handler158
FNF:1
FNH:0
DA:1,1
DA:2,2
LF:2
LH:1
end_of_record
TN:
SF:src/module-159.js
FN:1,handler159
FNDA:4,handler159
FNF:1
FNH:1
DA:1,1
DA:2,0
LF:2
LH:2
end_of_record
